{"E:\\poc\\codeclimate\\lib\\math.js":{"path":"E:\\poc\\codeclimate\\lib\\math.js","statementMap":{"0":{"start":{"line":2,"column":2},"end":{"line":2,"column":15}},"1":{"start":{"line":6,"column":2},"end":{"line":6,"column":15}},"2":{"start":{"line":10,"column":2},"end":{"line":10,"column":15}},"3":{"start":{"line":14,"column":2},"end":{"line":14,"column":51}},"4":{"start":{"line":14,"column":15},"end":{"line":14,"column":51}},"5":{"start":{"line":15,"column":2},"end":{"line":15,"column":15}},"6":{"start":{"line":18,"column":0},"end":{"line":18,"column":53}}},"fnMap":{"0":{"name":"add","decl":{"start":{"line":1,"column":9},"end":{"line":1,"column":12}},"loc":{"start":{"line":1,"column":19},"end":{"line":3,"column":1}},"line":1},"1":{"name":"subtract","decl":{"start":{"line":5,"column":9},"end":{"line":5,"column":17}},"loc":{"start":{"line":5,"column":24},"end":{"line":7,"column":1}},"line":5},"2":{"name":"multiply","decl":{"start":{"line":9,"column":9},"end":{"line":9,"column":17}},"loc":{"start":{"line":9,"column":24},"end":{"line":11,"column":1}},"line":9},"3":{"name":"divide","decl":{"start":{"line":13,"column":9},"end":{"line":13,"column":15}},"loc":{"start":{"line":13,"column":22},"end":{"line":16,"column":1}},"line":13}},"branchMap":{"0":{"loc":{"start":{"line":14,"column":2},"end":{"line":14,"column":51}},"type":"if","locations":[{"start":{"line":14,"column":2},"end":{"line":14,"column":51}},{"start":{"line":14,"column":2},"end":{"line":14,"column":51}}],"line":14}},"s":{"0":1,"1":1,"2":1,"3":2,"4":1,"5":1,"6":1},"f":{"0":1,"1":1,"2":1,"3":2},"b":{"0":[1,1]},"_coverageSchema":"1a1c01bbd47fc00a2c39e90264f33305004495a9","hash":"08c58f219f8d0efd60e5c1e819cd285736379ec3","contentHash":"f0db43a4b7515908c66e9cf65e801cc3584601ac1e1de65bfb9f4b8c659e173e"}}